<?xml version="1.0" encoding="utf-8"?>
<TestRun id="05863050-e32f-4205-9bb8-961d0d298b9c" name="15-cd006@DESKTOP-NALQFSE 2020-06-05 13:21:09" runUser="DESKTOP-NALQFSE\15-cd006" xmlns="http://microsoft.com/schemas/VisualStudio/TeamTest/2010">
  <Times creation="2020-06-05T13:21:09.4594803-05:00" queuing="2020-06-05T13:21:09.4594803-05:00" start="2020-06-05T13:21:07.2424731-05:00" finish="2020-06-05T13:21:09.4634792-05:00" />
  <TestSettings name="default" id="891eb88e-e78a-4586-b79d-fd06a7ab95bd">
    <Deployment runDeploymentRoot="15-cd006_DESKTOP-NALQFSE_2020-06-05_13_21_09" />
  </TestSettings>
  <TestLists>
    <TestList name="Resultados sin formato de lista" id="8c84fa94-04c1-424b-9868-57a2d4851a1d" />
    <TestList name="Todos los resultados cargados" id="19431567-8539-422a-85d7-44ee4e166bda" />
  </TestLists>
  <ResultSummary outcome="Completed">
    <Counters total="0" executed="0" passed="0" failed="0" error="0" timeout="0" aborted="0" inconclusive="0" passedButRunAborted="0" notRunnable="0" notExecuted="0" disconnected="0" warning="0" completed="0" inProgress="0" pending="0" />
  </ResultSummary>
</TestRun>