<?xml version="1.0" encoding="utf-8"?>
<TestRun id="f506ca4f-bc35-40cd-9374-cad8104d61cf" name="15-cd006@DESKTOP-NALQFSE 2020-06-05 13:20:08" runUser="DESKTOP-NALQFSE\15-cd006" xmlns="http://microsoft.com/schemas/VisualStudio/TeamTest/2010">
  <Times creation="2020-06-05T13:20:08.7697375-05:00" queuing="2020-06-05T13:20:08.7697375-05:00" start="2020-06-05T13:20:04.1667030-05:00" finish="2020-06-05T13:20:08.7757038-05:00" />
  <TestSettings name="default" id="342cc95e-c38a-42ad-be89-1823f2cf0b96">
    <Deployment runDeploymentRoot="15-cd006_DESKTOP-NALQFSE_2020-06-05_13_20_08" />
  </TestSettings>
  <TestLists>
    <TestList name="Resultados sin formato de lista" id="8c84fa94-04c1-424b-9868-57a2d4851a1d" />
    <TestList name="Todos los resultados cargados" id="19431567-8539-422a-85d7-44ee4e166bda" />
  </TestLists>
  <ResultSummary outcome="Completed">
    <Counters total="0" executed="0" passed="0" failed="0" error="0" timeout="0" aborted="0" inconclusive="0" passedButRunAborted="0" notRunnable="0" notExecuted="0" disconnected="0" warning="0" completed="0" inProgress="0" pending="0" />
    <RunInfos>
      <RunInfo computerName="DESKTOP-NALQFSE" outcome="Warning" timestamp="2020-06-05T13:20:08.5436918-05:00">
        <Text>No hay ninguna prueba disponible en C:\Users\15-cd006\source\repos\aspnet-test-jenkins\aspnet-test-jenkins.Tests\bin\Debug\aspnet-test-jenkins.dll. Asegúrese de que los detectores y ejecutores de pruebas están registrados y de que la configuración de versión de la plataforma y de Framework es correcta y vuelva a intentarlo.</Text>
      </RunInfo>
    </RunInfos>
  </ResultSummary>
</TestRun>